1073  INFO  main.ApplicationManager  All tests run in Chrome Browser
2310  INFO  main.ApplicationManager  The link--->https://telranedu.web.app/home
2326  INFO  main.ApplicationManager  ELEMENT FIND element=>By.xpath: //button[text()='Sign Out']
7379  INFO  main.ApplicationManager  ELEMENT FOUND success=>By.xpath: //button[text()='Sign Out']
7380  INFO  test.TestBase  Test data --> email:'lockergmail.com password:''Qwerty1234!'
7380  INFO  main.ApplicationManager  ELEMENT FIND element=>By.cssSelector: a[href='/login']
7394  INFO  main.ApplicationManager  ELEMENT FOUND success=>By.cssSelector: a[href='/login']
7398  INFO  main.ApplicationManager  element to CLICK[[ChromeDriver: chrome on WINDOWS (4f0d91b6a396e16e9e4308e1276eb48f)] -> css selector: a[href='/login']]
7440  INFO  main.ApplicationManager  element to CLICK DONE[[ChromeDriver: chrome on WINDOWS (4f0d91b6a396e16e9e4308e1276eb48f)] -> css selector: a[href='/login']]
7440  INFO  main.ApplicationManager  ELEMENT FIND element=>By.xpath: //*[@name='email']
7456  INFO  main.ApplicationManager  ELEMENT FOUND success=>By.xpath: //*[@name='email']
7456  INFO  main.ApplicationManager  element to CLICK[[ChromeDriver: chrome on WINDOWS (4f0d91b6a396e16e9e4308e1276eb48f)] -> xpath: //*[@name='email']]
7494  INFO  main.ApplicationManager  element to CLICK DONE[[ChromeDriver: chrome on WINDOWS (4f0d91b6a396e16e9e4308e1276eb48f)] -> xpath: //*[@name='email']]
7623  INFO  main.ApplicationManager  ELEMENT FIND element=>By.xpath: //*[@name='password']
7641  INFO  main.ApplicationManager  ELEMENT FOUND success=>By.xpath: //*[@name='password']
7642  INFO  main.ApplicationManager  element to CLICK[[ChromeDriver: chrome on WINDOWS (4f0d91b6a396e16e9e4308e1276eb48f)] -> xpath: //*[@name='password']]
7672  INFO  main.ApplicationManager  element to CLICK DONE[[ChromeDriver: chrome on WINDOWS (4f0d91b6a396e16e9e4308e1276eb48f)] -> xpath: //*[@name='password']]
7803  INFO  main.ApplicationManager  ELEMENT FIND element=>By.xpath: //button[@type='submit']
7812  INFO  main.ApplicationManager  ELEMENT FOUND success=>By.xpath: //button[@type='submit']
7813  INFO  main.ApplicationManager  element to CLICK[[ChromeDriver: chrome on WINDOWS (4f0d91b6a396e16e9e4308e1276eb48f)] -> xpath: //button[@type='submit']]
7843  INFO  main.ApplicationManager  element to CLICK DONE[[ChromeDriver: chrome on WINDOWS (4f0d91b6a396e16e9e4308e1276eb48f)] -> xpath: //button[@type='submit']]
8895  INFO  test.TestBase  Allert present with error text 'Wrong email or password'
8899  INFO  main.ApplicationManager  ELEMENT FIND element=>By.xpath: //button[text()='Sign Out']
13919  INFO  main.ApplicationManager  ELEMENT FOUND success=>By.xpath: //button[text()='Sign Out']
13919  INFO  main.ApplicationManager  ELEMENT FIND element=>By.cssSelector: a[href='/login']
13935  INFO  main.ApplicationManager  ELEMENT FOUND success=>By.cssSelector: a[href='/login']
13935  INFO  main.ApplicationManager  element to CLICK[[ChromeDriver: chrome on WINDOWS (4f0d91b6a396e16e9e4308e1276eb48f)] -> css selector: a[href='/login']]
13971  INFO  main.ApplicationManager  element to CLICK DONE[[ChromeDriver: chrome on WINDOWS (4f0d91b6a396e16e9e4308e1276eb48f)] -> css selector: a[href='/login']]
13972  INFO  main.ApplicationManager  ELEMENT FIND element=>By.xpath: //*[@name='email']
13982  INFO  main.ApplicationManager  ELEMENT FOUND success=>By.xpath: //*[@name='email']
13982  INFO  main.ApplicationManager  element to CLICK[[ChromeDriver: chrome on WINDOWS (4f0d91b6a396e16e9e4308e1276eb48f)] -> xpath: //*[@name='email']]
14019  INFO  main.ApplicationManager  element to CLICK DONE[[ChromeDriver: chrome on WINDOWS (4f0d91b6a396e16e9e4308e1276eb48f)] -> xpath: //*[@name='email']]
14170  INFO  main.ApplicationManager  ELEMENT FIND element=>By.xpath: //*[@name='password']
14185  INFO  main.ApplicationManager  ELEMENT FOUND success=>By.xpath: //*[@name='password']
14185  INFO  main.ApplicationManager  element to CLICK[[ChromeDriver: chrome on WINDOWS (4f0d91b6a396e16e9e4308e1276eb48f)] -> xpath: //*[@name='password']]
14219  INFO  main.ApplicationManager  element to CLICK DONE[[ChromeDriver: chrome on WINDOWS (4f0d91b6a396e16e9e4308e1276eb48f)] -> xpath: //*[@name='password']]
14350  INFO  main.ApplicationManager  ELEMENT FIND element=>By.xpath: //button[@type='submit']
14371  INFO  main.ApplicationManager  ELEMENT FOUND success=>By.xpath: //button[@type='submit']
14371  INFO  main.ApplicationManager  element to CLICK[[ChromeDriver: chrome on WINDOWS (4f0d91b6a396e16e9e4308e1276eb48f)] -> xpath: //button[@type='submit']]
14403  INFO  main.ApplicationManager  element to CLICK DONE[[ChromeDriver: chrome on WINDOWS (4f0d91b6a396e16e9e4308e1276eb48f)] -> xpath: //button[@type='submit']]
14912  INFO  main.ApplicationManager  ELEMENT FIND element=>By.xpath: //a[@href='/add']
14935  INFO  main.ApplicationManager  ELEMENT FOUND success=>By.xpath: //a[@href='/add']
14936  INFO  main.ApplicationManager  element to CLICK[[ChromeDriver: chrome on WINDOWS (4f0d91b6a396e16e9e4308e1276eb48f)] -> xpath: //a[@href='/add']]
14970  INFO  main.ApplicationManager  element to CLICK DONE[[ChromeDriver: chrome on WINDOWS (4f0d91b6a396e16e9e4308e1276eb48f)] -> xpath: //a[@href='/add']]
14971  INFO  main.ApplicationManager  ELEMENT FIND element=>By.xpath: //input[@placeholder='Name']
14981  INFO  main.ApplicationManager  ELEMENT FOUND success=>By.xpath: //input[@placeholder='Name']
14981  INFO  main.ApplicationManager  element to CLICK[[ChromeDriver: chrome on WINDOWS (4f0d91b6a396e16e9e4308e1276eb48f)] -> xpath: //input[@placeholder='Name']]
15016  INFO  main.ApplicationManager  element to CLICK DONE[[ChromeDriver: chrome on WINDOWS (4f0d91b6a396e16e9e4308e1276eb48f)] -> xpath: //input[@placeholder='Name']]
15123  INFO  main.ApplicationManager  ELEMENT FIND element=>By.xpath: //input[@placeholder='Last Name']
15137  INFO  main.ApplicationManager  ELEMENT FOUND success=>By.xpath: //input[@placeholder='Last Name']
15137  INFO  main.ApplicationManager  element to CLICK[[ChromeDriver: chrome on WINDOWS (4f0d91b6a396e16e9e4308e1276eb48f)] -> xpath: //input[@placeholder='Last Name']]
15169  INFO  main.ApplicationManager  element to CLICK DONE[[ChromeDriver: chrome on WINDOWS (4f0d91b6a396e16e9e4308e1276eb48f)] -> xpath: //input[@placeholder='Last Name']]
15290  INFO  main.ApplicationManager  ELEMENT FIND element=>By.xpath: //input[@placeholder='Phone']
15307  INFO  main.ApplicationManager  ELEMENT FOUND success=>By.xpath: //input[@placeholder='Phone']
15307  INFO  main.ApplicationManager  element to CLICK[[ChromeDriver: chrome on WINDOWS (4f0d91b6a396e16e9e4308e1276eb48f)] -> xpath: //input[@placeholder='Phone']]
15336  INFO  main.ApplicationManager  element to CLICK DONE[[ChromeDriver: chrome on WINDOWS (4f0d91b6a396e16e9e4308e1276eb48f)] -> xpath: //input[@placeholder='Phone']]
15456  INFO  main.ApplicationManager  ELEMENT FIND element=>By.xpath: //input[@placeholder='email']
15478  INFO  main.ApplicationManager  ELEMENT FOUND success=>By.xpath: //input[@placeholder='email']
15479  INFO  main.ApplicationManager  element to CLICK[[ChromeDriver: chrome on WINDOWS (4f0d91b6a396e16e9e4308e1276eb48f)] -> xpath: //input[@placeholder='email']]
15509  INFO  main.ApplicationManager  element to CLICK DONE[[ChromeDriver: chrome on WINDOWS (4f0d91b6a396e16e9e4308e1276eb48f)] -> xpath: //input[@placeholder='email']]
15644  INFO  main.ApplicationManager  ELEMENT FIND element=>By.xpath: //input[@placeholder='Address']
15667  INFO  main.ApplicationManager  ELEMENT FOUND success=>By.xpath: //input[@placeholder='Address']
15667  INFO  main.ApplicationManager  element to CLICK[[ChromeDriver: chrome on WINDOWS (4f0d91b6a396e16e9e4308e1276eb48f)] -> xpath: //input[@placeholder='Address']]
15698  INFO  main.ApplicationManager  element to CLICK DONE[[ChromeDriver: chrome on WINDOWS (4f0d91b6a396e16e9e4308e1276eb48f)] -> xpath: //input[@placeholder='Address']]
15800  INFO  main.ApplicationManager  ELEMENT FIND element=>By.xpath: //input[@placeholder='description']
15822  INFO  main.ApplicationManager  ELEMENT FOUND success=>By.xpath: //input[@placeholder='description']
15822  INFO  main.ApplicationManager  element to CLICK[[ChromeDriver: chrome on WINDOWS (4f0d91b6a396e16e9e4308e1276eb48f)] -> xpath: //input[@placeholder='description']]
15852  INFO  main.ApplicationManager  element to CLICK DONE[[ChromeDriver: chrome on WINDOWS (4f0d91b6a396e16e9e4308e1276eb48f)] -> xpath: //input[@placeholder='description']]
16257  INFO  main.ApplicationManager  ELEMENT FIND element=>By.xpath: //button[text()='Sign Out']
16272  INFO  main.ApplicationManager  ELEMENT FOUND success=>By.xpath: //button[text()='Sign Out']
16780  INFO  main.ApplicationManager  ELEMENT FIND element=>By.xpath: //*[@class='contact-item_card__2SOIM']
21847  INFO  main.ApplicationManager  ELEMENT FOUND success=>By.xpath: //*[@class='contact-item_card__2SOIM']
22356  INFO  main.ApplicationManager  ELEMENT FIND element=>By.xpath: //a[@href='/add']
22378  INFO  main.ApplicationManager  ELEMENT FOUND success=>By.xpath: //a[@href='/add']
22379  INFO  main.ApplicationManager  element to CLICK[[ChromeDriver: chrome on WINDOWS (4f0d91b6a396e16e9e4308e1276eb48f)] -> xpath: //a[@href='/add']]
22417  INFO  main.ApplicationManager  element to CLICK DONE[[ChromeDriver: chrome on WINDOWS (4f0d91b6a396e16e9e4308e1276eb48f)] -> xpath: //a[@href='/add']]
22417  INFO  main.ApplicationManager  ELEMENT FIND element=>By.xpath: //input[@placeholder='Name']
22425  INFO  main.ApplicationManager  ELEMENT FOUND success=>By.xpath: //input[@placeholder='Name']
22425  INFO  main.ApplicationManager  element to CLICK[[ChromeDriver: chrome on WINDOWS (4f0d91b6a396e16e9e4308e1276eb48f)] -> xpath: //input[@placeholder='Name']]
22457  INFO  main.ApplicationManager  element to CLICK DONE[[ChromeDriver: chrome on WINDOWS (4f0d91b6a396e16e9e4308e1276eb48f)] -> xpath: //input[@placeholder='Name']]
22577  INFO  main.ApplicationManager  ELEMENT FIND element=>By.xpath: //input[@placeholder='Last Name']
22596  INFO  main.ApplicationManager  ELEMENT FOUND success=>By.xpath: //input[@placeholder='Last Name']
22596  INFO  main.ApplicationManager  element to CLICK[[ChromeDriver: chrome on WINDOWS (4f0d91b6a396e16e9e4308e1276eb48f)] -> xpath: //input[@placeholder='Last Name']]
22627  INFO  main.ApplicationManager  element to CLICK DONE[[ChromeDriver: chrome on WINDOWS (4f0d91b6a396e16e9e4308e1276eb48f)] -> xpath: //input[@placeholder='Last Name']]
22739  INFO  main.ApplicationManager  ELEMENT FIND element=>By.xpath: //input[@placeholder='Phone']
22752  INFO  main.ApplicationManager  ELEMENT FOUND success=>By.xpath: //input[@placeholder='Phone']
22752  INFO  main.ApplicationManager  element to CLICK[[ChromeDriver: chrome on WINDOWS (4f0d91b6a396e16e9e4308e1276eb48f)] -> xpath: //input[@placeholder='Phone']]
22783  INFO  main.ApplicationManager  element to CLICK DONE[[ChromeDriver: chrome on WINDOWS (4f0d91b6a396e16e9e4308e1276eb48f)] -> xpath: //input[@placeholder='Phone']]
22904  INFO  main.ApplicationManager  ELEMENT FIND element=>By.xpath: //input[@placeholder='email']
22924  INFO  main.ApplicationManager  ELEMENT FOUND success=>By.xpath: //input[@placeholder='email']
22924  INFO  main.ApplicationManager  element to CLICK[[ChromeDriver: chrome on WINDOWS (4f0d91b6a396e16e9e4308e1276eb48f)] -> xpath: //input[@placeholder='email']]
22955  INFO  main.ApplicationManager  element to CLICK DONE[[ChromeDriver: chrome on WINDOWS (4f0d91b6a396e16e9e4308e1276eb48f)] -> xpath: //input[@placeholder='email']]
23080  INFO  main.ApplicationManager  ELEMENT FIND element=>By.xpath: //input[@placeholder='Address']
23094  INFO  main.ApplicationManager  ELEMENT FOUND success=>By.xpath: //input[@placeholder='Address']
23094  INFO  main.ApplicationManager  element to CLICK[[ChromeDriver: chrome on WINDOWS (4f0d91b6a396e16e9e4308e1276eb48f)] -> xpath: //input[@placeholder='Address']]
23125  INFO  main.ApplicationManager  element to CLICK DONE[[ChromeDriver: chrome on WINDOWS (4f0d91b6a396e16e9e4308e1276eb48f)] -> xpath: //input[@placeholder='Address']]
23228  INFO  main.ApplicationManager  ELEMENT FIND element=>By.xpath: //input[@placeholder='description']
23249  INFO  main.ApplicationManager  ELEMENT FOUND success=>By.xpath: //input[@placeholder='description']
23249  INFO  main.ApplicationManager  element to CLICK[[ChromeDriver: chrome on WINDOWS (4f0d91b6a396e16e9e4308e1276eb48f)] -> xpath: //input[@placeholder='description']]
23280  INFO  main.ApplicationManager  element to CLICK DONE[[ChromeDriver: chrome on WINDOWS (4f0d91b6a396e16e9e4308e1276eb48f)] -> xpath: //input[@placeholder='description']]
23388  INFO  main.ApplicationManager  ELEMENT FIND element=>By.xpath: //button/b[text()='Save']
23407  INFO  main.ApplicationManager  ELEMENT FOUND success=>By.xpath: //button/b[text()='Save']
23407  INFO  main.ApplicationManager  element to CLICK[[ChromeDriver: chrome on WINDOWS (4f0d91b6a396e16e9e4308e1276eb48f)] -> xpath: //button/b[text()='Save']]
23435  INFO  main.ApplicationManager  element to CLICK DONE[[ChromeDriver: chrome on WINDOWS (4f0d91b6a396e16e9e4308e1276eb48f)] -> xpath: //button/b[text()='Save']]
24053  INFO  main.ApplicationManager  ELEMENT FIND element=>By.xpath: //a[@href='/add']
24074  INFO  main.ApplicationManager  ELEMENT FOUND success=>By.xpath: //a[@href='/add']
24074  INFO  main.ApplicationManager  element to CLICK[[ChromeDriver: chrome on WINDOWS (4f0d91b6a396e16e9e4308e1276eb48f)] -> xpath: //a[@href='/add']]
24107  INFO  main.ApplicationManager  element to CLICK DONE[[ChromeDriver: chrome on WINDOWS (4f0d91b6a396e16e9e4308e1276eb48f)] -> xpath: //a[@href='/add']]
24107  INFO  main.ApplicationManager  ELEMENT FIND element=>By.xpath: //input[@placeholder='Name']
24120  INFO  main.ApplicationManager  ELEMENT FOUND success=>By.xpath: //input[@placeholder='Name']
24120  INFO  main.ApplicationManager  element to CLICK[[ChromeDriver: chrome on WINDOWS (4f0d91b6a396e16e9e4308e1276eb48f)] -> xpath: //input[@placeholder='Name']]
24152  INFO  main.ApplicationManager  element to CLICK DONE[[ChromeDriver: chrome on WINDOWS (4f0d91b6a396e16e9e4308e1276eb48f)] -> xpath: //input[@placeholder='Name']]
24255  INFO  main.ApplicationManager  ELEMENT FIND element=>By.xpath: //input[@placeholder='Last Name']
24274  INFO  main.ApplicationManager  ELEMENT FOUND success=>By.xpath: //input[@placeholder='Last Name']
24274  INFO  main.ApplicationManager  element to CLICK[[ChromeDriver: chrome on WINDOWS (4f0d91b6a396e16e9e4308e1276eb48f)] -> xpath: //input[@placeholder='Last Name']]
24306  INFO  main.ApplicationManager  element to CLICK DONE[[ChromeDriver: chrome on WINDOWS (4f0d91b6a396e16e9e4308e1276eb48f)] -> xpath: //input[@placeholder='Last Name']]
24417  INFO  main.ApplicationManager  ELEMENT FIND element=>By.xpath: //input[@placeholder='Phone']
24429  INFO  main.ApplicationManager  ELEMENT FOUND success=>By.xpath: //input[@placeholder='Phone']
24429  INFO  main.ApplicationManager  element to CLICK[[ChromeDriver: chrome on WINDOWS (4f0d91b6a396e16e9e4308e1276eb48f)] -> xpath: //input[@placeholder='Phone']]
24459  INFO  main.ApplicationManager  element to CLICK DONE[[ChromeDriver: chrome on WINDOWS (4f0d91b6a396e16e9e4308e1276eb48f)] -> xpath: //input[@placeholder='Phone']]
24595  INFO  main.ApplicationManager  ELEMENT FIND element=>By.xpath: //input[@placeholder='email']
24602  INFO  main.ApplicationManager  ELEMENT FOUND success=>By.xpath: //input[@placeholder='email']
24602  INFO  main.ApplicationManager  element to CLICK[[ChromeDriver: chrome on WINDOWS (4f0d91b6a396e16e9e4308e1276eb48f)] -> xpath: //input[@placeholder='email']]
24633  INFO  main.ApplicationManager  element to CLICK DONE[[ChromeDriver: chrome on WINDOWS (4f0d91b6a396e16e9e4308e1276eb48f)] -> xpath: //input[@placeholder='email']]
24773  INFO  main.ApplicationManager  ELEMENT FIND element=>By.xpath: //input[@placeholder='Address']
24787  INFO  main.ApplicationManager  ELEMENT FOUND success=>By.xpath: //input[@placeholder='Address']
24787  INFO  main.ApplicationManager  element to CLICK[[ChromeDriver: chrome on WINDOWS (4f0d91b6a396e16e9e4308e1276eb48f)] -> xpath: //input[@placeholder='Address']]
24819  INFO  main.ApplicationManager  element to CLICK DONE[[ChromeDriver: chrome on WINDOWS (4f0d91b6a396e16e9e4308e1276eb48f)] -> xpath: //input[@placeholder='Address']]
24923  INFO  main.ApplicationManager  ELEMENT FIND element=>By.xpath: //input[@placeholder='description']
24942  INFO  main.ApplicationManager  ELEMENT FOUND success=>By.xpath: //input[@placeholder='description']
24943  INFO  main.ApplicationManager  element to CLICK[[ChromeDriver: chrome on WINDOWS (4f0d91b6a396e16e9e4308e1276eb48f)] -> xpath: //input[@placeholder='description']]
24974  INFO  main.ApplicationManager  element to CLICK DONE[[ChromeDriver: chrome on WINDOWS (4f0d91b6a396e16e9e4308e1276eb48f)] -> xpath: //input[@placeholder='description']]
25065  INFO  main.ApplicationManager  ELEMENT FIND element=>By.xpath: //button/b[text()='Save']
25081  INFO  main.ApplicationManager  ELEMENT FOUND success=>By.xpath: //button/b[text()='Save']
25082  INFO  main.ApplicationManager  element to CLICK[[ChromeDriver: chrome on WINDOWS (4f0d91b6a396e16e9e4308e1276eb48f)] -> xpath: //button/b[text()='Save']]
25108  INFO  main.ApplicationManager  element to CLICK DONE[[ChromeDriver: chrome on WINDOWS (4f0d91b6a396e16e9e4308e1276eb48f)] -> xpath: //button/b[text()='Save']]
25730  INFO  main.ApplicationManager  ELEMENT FIND element=>By.xpath: //a[@href='/add']
25750  INFO  main.ApplicationManager  ELEMENT FOUND success=>By.xpath: //a[@href='/add']
25750  INFO  main.ApplicationManager  element to CLICK[[ChromeDriver: chrome on WINDOWS (4f0d91b6a396e16e9e4308e1276eb48f)] -> xpath: //a[@href='/add']]
25782  INFO  main.ApplicationManager  element to CLICK DONE[[ChromeDriver: chrome on WINDOWS (4f0d91b6a396e16e9e4308e1276eb48f)] -> xpath: //a[@href='/add']]
25782  INFO  main.ApplicationManager  ELEMENT FIND element=>By.xpath: //input[@placeholder='Name']
25796  INFO  main.ApplicationManager  ELEMENT FOUND success=>By.xpath: //input[@placeholder='Name']
25796  INFO  main.ApplicationManager  element to CLICK[[ChromeDriver: chrome on WINDOWS (4f0d91b6a396e16e9e4308e1276eb48f)] -> xpath: //input[@placeholder='Name']]
25829  INFO  main.ApplicationManager  element to CLICK DONE[[ChromeDriver: chrome on WINDOWS (4f0d91b6a396e16e9e4308e1276eb48f)] -> xpath: //input[@placeholder='Name']]
25920  INFO  main.ApplicationManager  ELEMENT FIND element=>By.xpath: //input[@placeholder='Last Name']
25937  INFO  main.ApplicationManager  ELEMENT FOUND success=>By.xpath: //input[@placeholder='Last Name']
25937  INFO  main.ApplicationManager  element to CLICK[[ChromeDriver: chrome on WINDOWS (4f0d91b6a396e16e9e4308e1276eb48f)] -> xpath: //input[@placeholder='Last Name']]
25969  INFO  main.ApplicationManager  element to CLICK DONE[[ChromeDriver: chrome on WINDOWS (4f0d91b6a396e16e9e4308e1276eb48f)] -> xpath: //input[@placeholder='Last Name']]
26066  INFO  main.ApplicationManager  ELEMENT FIND element=>By.xpath: //input[@placeholder='Phone']
26078  INFO  main.ApplicationManager  ELEMENT FOUND success=>By.xpath: //input[@placeholder='Phone']
26079  INFO  main.ApplicationManager  element to CLICK[[ChromeDriver: chrome on WINDOWS (4f0d91b6a396e16e9e4308e1276eb48f)] -> xpath: //input[@placeholder='Phone']]
26112  INFO  main.ApplicationManager  element to CLICK DONE[[ChromeDriver: chrome on WINDOWS (4f0d91b6a396e16e9e4308e1276eb48f)] -> xpath: //input[@placeholder='Phone']]
26229  INFO  main.ApplicationManager  ELEMENT FIND element=>By.xpath: //input[@placeholder='email']
26249  INFO  main.ApplicationManager  ELEMENT FOUND success=>By.xpath: //input[@placeholder='email']
26250  INFO  main.ApplicationManager  element to CLICK[[ChromeDriver: chrome on WINDOWS (4f0d91b6a396e16e9e4308e1276eb48f)] -> xpath: //input[@placeholder='email']]
26281  INFO  main.ApplicationManager  element to CLICK DONE[[ChromeDriver: chrome on WINDOWS (4f0d91b6a396e16e9e4308e1276eb48f)] -> xpath: //input[@placeholder='email']]
26392  INFO  main.ApplicationManager  ELEMENT FIND element=>By.xpath: //input[@placeholder='Address']
26404  INFO  main.ApplicationManager  ELEMENT FOUND success=>By.xpath: //input[@placeholder='Address']
26404  INFO  main.ApplicationManager  element to CLICK[[ChromeDriver: chrome on WINDOWS (4f0d91b6a396e16e9e4308e1276eb48f)] -> xpath: //input[@placeholder='Address']]
26435  INFO  main.ApplicationManager  element to CLICK DONE[[ChromeDriver: chrome on WINDOWS (4f0d91b6a396e16e9e4308e1276eb48f)] -> xpath: //input[@placeholder='Address']]
26539  INFO  main.ApplicationManager  ELEMENT FIND element=>By.xpath: //input[@placeholder='description']
26558  INFO  main.ApplicationManager  ELEMENT FOUND success=>By.xpath: //input[@placeholder='description']
26558  INFO  main.ApplicationManager  element to CLICK[[ChromeDriver: chrome on WINDOWS (4f0d91b6a396e16e9e4308e1276eb48f)] -> xpath: //input[@placeholder='description']]
26590  INFO  main.ApplicationManager  element to CLICK DONE[[ChromeDriver: chrome on WINDOWS (4f0d91b6a396e16e9e4308e1276eb48f)] -> xpath: //input[@placeholder='description']]
26682  INFO  main.ApplicationManager  ELEMENT FIND element=>By.xpath: //button/b[text()='Save']
26698  INFO  main.ApplicationManager  ELEMENT FOUND success=>By.xpath: //button/b[text()='Save']
26698  INFO  main.ApplicationManager  element to CLICK[[ChromeDriver: chrome on WINDOWS (4f0d91b6a396e16e9e4308e1276eb48f)] -> xpath: //button/b[text()='Save']]
26726  INFO  main.ApplicationManager  element to CLICK DONE[[ChromeDriver: chrome on WINDOWS (4f0d91b6a396e16e9e4308e1276eb48f)] -> xpath: //button/b[text()='Save']]
27349  INFO  main.ApplicationManager  ELEMENT FIND element=>By.xpath: //*[@class='contact-item_card__2SOIM']
27370  INFO  main.ApplicationManager  ELEMENT FOUND success=>By.xpath: //*[@class='contact-item_card__2SOIM']
27876  INFO  main.ApplicationManager  ELEMENT FIND element=>By.xpath: //div[@class='contact-item_card__2SOIM']
27899  INFO  main.ApplicationManager  ELEMENT FOUND success=>By.xpath: //div[@class='contact-item_card__2SOIM']
27900  INFO  main.ApplicationManager  element to CLICK[[ChromeDriver: chrome on WINDOWS (4f0d91b6a396e16e9e4308e1276eb48f)] -> xpath: //div[@class='contact-item_card__2SOIM']]
27932  INFO  main.ApplicationManager  element to CLICK DONE[[ChromeDriver: chrome on WINDOWS (4f0d91b6a396e16e9e4308e1276eb48f)] -> xpath: //div[@class='contact-item_card__2SOIM']]
28436  INFO  main.ApplicationManager  ELEMENT FIND element=>By.xpath: //button[text()='Remove']
28457  INFO  main.ApplicationManager  ELEMENT FOUND success=>By.xpath: //button[text()='Remove']
28457  INFO  main.ApplicationManager  element to CLICK[[ChromeDriver: chrome on WINDOWS (4f0d91b6a396e16e9e4308e1276eb48f)] -> xpath: //button[text()='Remove']]
28484  INFO  main.ApplicationManager  element to CLICK DONE[[ChromeDriver: chrome on WINDOWS (4f0d91b6a396e16e9e4308e1276eb48f)] -> xpath: //button[text()='Remove']]
30019  INFO  main.ApplicationManager  ELEMENT FIND element=>By.xpath: //*[@class='contact-item_card__2SOIM']
30040  INFO  main.ApplicationManager  ELEMENT FOUND success=>By.xpath: //*[@class='contact-item_card__2SOIM']
30041  INFO  main.ApplicationManager  ELEMENT FIND element=>By.xpath: //button[text()='Sign Out']
30055  INFO  main.ApplicationManager  ELEMENT FOUND success=>By.xpath: //button[text()='Sign Out']
30055  INFO  main.ApplicationManager  ELEMENT FIND element=>By.xpath: //button[text()='Sign Out']
30071  INFO  main.ApplicationManager  ELEMENT FOUND success=>By.xpath: //button[text()='Sign Out']
30071  INFO  main.ApplicationManager  element to CLICK[[ChromeDriver: chrome on WINDOWS (4f0d91b6a396e16e9e4308e1276eb48f)] -> xpath: //button[text()='Sign Out']]
30111  INFO  main.ApplicationManager  element to CLICK DONE[[ChromeDriver: chrome on WINDOWS (4f0d91b6a396e16e9e4308e1276eb48f)] -> xpath: //button[text()='Sign Out']]
30112  INFO  main.ApplicationManager  ELEMENT FIND element=>By.cssSelector: a[href='/login']
30132  INFO  main.ApplicationManager  ELEMENT FOUND success=>By.cssSelector: a[href='/login']
30132  INFO  main.ApplicationManager  element to CLICK[[ChromeDriver: chrome on WINDOWS (4f0d91b6a396e16e9e4308e1276eb48f)] -> css selector: a[href='/login']]
30161  INFO  main.ApplicationManager  element to CLICK DONE[[ChromeDriver: chrome on WINDOWS (4f0d91b6a396e16e9e4308e1276eb48f)] -> css selector: a[href='/login']]
30161  INFO  main.ApplicationManager  ELEMENT FIND element=>By.xpath: //*[@name='email']
30179  INFO  main.ApplicationManager  ELEMENT FOUND success=>By.xpath: //*[@name='email']
30179  INFO  main.ApplicationManager  element to CLICK[[ChromeDriver: chrome on WINDOWS (4f0d91b6a396e16e9e4308e1276eb48f)] -> xpath: //*[@name='email']]
30219  INFO  main.ApplicationManager  element to CLICK DONE[[ChromeDriver: chrome on WINDOWS (4f0d91b6a396e16e9e4308e1276eb48f)] -> xpath: //*[@name='email']]
30368  INFO  main.ApplicationManager  ELEMENT FIND element=>By.xpath: //*[@name='password']
30379  INFO  main.ApplicationManager  ELEMENT FOUND success=>By.xpath: //*[@name='password']
30380  INFO  main.ApplicationManager  element to CLICK[[ChromeDriver: chrome on WINDOWS (4f0d91b6a396e16e9e4308e1276eb48f)] -> xpath: //*[@name='password']]
30423  INFO  main.ApplicationManager  element to CLICK DONE[[ChromeDriver: chrome on WINDOWS (4f0d91b6a396e16e9e4308e1276eb48f)] -> xpath: //*[@name='password']]
30551  INFO  main.ApplicationManager  ELEMENT FIND element=>By.xpath: //button[@name='registration']
30570  INFO  main.ApplicationManager  ELEMENT FOUND success=>By.xpath: //button[@name='registration']
30570  INFO  main.ApplicationManager  element to CLICK[[ChromeDriver: chrome on WINDOWS (4f0d91b6a396e16e9e4308e1276eb48f)] -> xpath: //button[@name='registration']]
30598  INFO  main.ApplicationManager  element to CLICK DONE[[ChromeDriver: chrome on WINDOWS (4f0d91b6a396e16e9e4308e1276eb48f)] -> xpath: //button[@name='registration']]
